-------------------------------------------------------------------------------
Test set: com.module1.mavencore.CalculatorTest
-------------------------------------------------------------------------------
Tests run: 2, Failures: 1, Errors: 0, Skipped: 0, Time elapsed: 0.637 s <<< FAILURE! - in com.module1.mavencore.CalculatorTest
sumTest(com.module1.mavencore.CalculatorTest)  Time elapsed: 0.018 s  <<< FAILURE!
java.lang.AssertionError: expected [200] but found [30]
	at com.module1.mavencore.CalculatorTest.sumTest(CalculatorTest.java:15)

